<?xml version="1.0" encoding="UTF-8" ?>
<testsuite tests="1" failures="1" name="TestHomePage.TestGlobalMenu" time="20.271" errors="0" skipped="0">
  <properties>
    <property name="java.runtime.name" value="Java(TM) SE Runtime Environment"/>
    <property name="sun.boot.library.path" value="C:\Program Files\Java\jdk1.8\jre\bin"/>
    <property name="java.vm.version" value="25.101-b13"/>
    <property name="java.vm.vendor" value="Oracle Corporation"/>
    <property name="maven.multiModuleProjectDirectory" value="C:\Users\JHANGIR\IdeaProjects\dhakaMetropolitan"/>
    <property name="java.vendor.url" value="http://java.oracle.com/"/>
    <property name="path.separator" value=";"/>
    <property name="guice.disable.misplaced.annotation.check" value="true"/>
    <property name="java.vm.name" value="Java HotSpot(TM) 64-Bit Server VM"/>
    <property name="file.encoding.pkg" value="sun.io"/>
    <property name="user.script" value=""/>
    <property name="user.country" value="US"/>
    <property name="sun.java.launcher" value="SUN_STANDARD"/>
    <property name="sun.os.patch.level" value=""/>
    <property name="java.vm.specification.name" value="Java Virtual Machine Specification"/>
    <property name="user.dir" value="C:\Users\JHANGIR\IdeaProjects\dhakaMetropolitan"/>
    <property name="java.runtime.version" value="1.8.0_101-b13"/>
    <property name="java.awt.graphicsenv" value="sun.awt.Win32GraphicsEnvironment"/>
    <property name="java.endorsed.dirs" value="C:\Program Files\Java\jdk1.8\jre\lib\endorsed"/>
    <property name="os.arch" value="amd64"/>
    <property name="java.io.tmpdir" value="C:\Users\JHANGIR\AppData\Local\Temp\"/>
    <property name="line.separator" value="
"/>
    <property name="java.vm.specification.vendor" value="Oracle Corporation"/>
    <property name="user.variant" value=""/>
    <property name="os.name" value="Windows 10"/>
    <property name="classworlds.conf" value="C:\Program Files\apache-maven-3.3.9-bin\apache-maven-3.3.9\bin\..\bin\m2.conf"/>
    <property name="sun.jnu.encoding" value="Cp1252"/>
    <property name="java.library.path" value="C:\Program Files\Java\jdk1.8\bin;C:\WINDOWS\Sun\Java\bin;C:\WINDOWS\system32;C:\WINDOWS;C:\ProgramData\Oracle\Java\javapath;C:\oraclexe\app\oracle\product\11.2.0\server\bin;C:\WINDOWS\system32;C:\WINDOWS;C:\WINDOWS\System32\Wbem;C:\Program Files\Java\jdk1.8\bin;C:\Program Files\apache-maven-3.3.9-bin\apache-maven-3.3.9\bin;C:\Program Files\MongoDB\Server\3.4\bin\mongo;C:\WINDOWS\system32\config\systemprofile\.dnx\bin;C:\Program Files\Microsoft DNX\Dnvm\;C:\Program Files\MySQL\MySQL Server 5.7\bin;C:\Users\JHANGIR\AppData\Local\Android\Sdk;C:\Users\JHANGIR\AppData\Local\Android\Sdk\platfrom-tools;C:\Users\JHANGIR\AppData\Local\Android\Sdk\tools;C:\Users\JHANGIR\AppData\Local\Microsoft\WindowsApps;;."/>
    <property name="java.specification.name" value="Java Platform API Specification"/>
    <property name="java.class.version" value="52.0"/>
    <property name="sun.management.compiler" value="HotSpot 64-Bit Tiered Compilers"/>
    <property name="os.version" value="10.0"/>
    <property name="user.home" value="C:\Users\JHANGIR"/>
    <property name="user.timezone" value="America/New_York"/>
    <property name="java.awt.printerjob" value="sun.awt.windows.WPrinterJob"/>
    <property name="java.specification.version" value="1.8"/>
    <property name="file.encoding" value="Cp1252"/>
    <property name="user.name" value="JHANGIR"/>
    <property name="java.class.path" value="C:\Program Files\apache-maven-3.3.9-bin\apache-maven-3.3.9\bin\..\boot\plexus-classworlds-2.5.2.jar"/>
    <property name="java.vm.specification.version" value="1.8"/>
    <property name="sun.arch.data.model" value="64"/>
    <property name="java.home" value="C:\Program Files\Java\jdk1.8\jre"/>
    <property name="sun.java.command" value="org.codehaus.plexus.classworlds.launcher.Launcher clean install"/>
    <property name="java.specification.vendor" value="Oracle Corporation"/>
    <property name="user.language" value="en"/>
    <property name="awt.toolkit" value="sun.awt.windows.WToolkit"/>
    <property name="java.vm.info" value="mixed mode"/>
    <property name="java.version" value="1.8.0_101"/>
    <property name="java.ext.dirs" value="C:\Program Files\Java\jdk1.8\jre\lib\ext;C:\WINDOWS\Sun\Java\lib\ext"/>
    <property name="sun.boot.class.path" value="C:\Program Files\Java\jdk1.8\jre\lib\resources.jar;C:\Program Files\Java\jdk1.8\jre\lib\rt.jar;C:\Program Files\Java\jdk1.8\jre\lib\sunrsasign.jar;C:\Program Files\Java\jdk1.8\jre\lib\jsse.jar;C:\Program Files\Java\jdk1.8\jre\lib\jce.jar;C:\Program Files\Java\jdk1.8\jre\lib\charsets.jar;C:\Program Files\Java\jdk1.8\jre\lib\jfr.jar;C:\Program Files\Java\jdk1.8\jre\classes"/>
    <property name="sun.stderr.encoding" value="cp437"/>
    <property name="java.vendor" value="Oracle Corporation"/>
    <property name="maven.home" value="C:\Program Files\apache-maven-3.3.9-bin\apache-maven-3.3.9\bin\.."/>
    <property name="file.separator" value="\"/>
    <property name="java.vendor.url.bug" value="http://bugreport.sun.com/bugreport/"/>
    <property name="sun.cpu.endian" value="little"/>
    <property name="sun.io.unicode.encoding" value="UnicodeLittle"/>
    <property name="sun.stdout.encoding" value="cp437"/>
    <property name="sun.desktop" value="windows"/>
    <property name="sun.cpu.isalist" value="amd64"/>
  </properties>
  <testcase classname="TestHomePage.TestGlobalMenu" name="testProductsMenu" time="20.271">
    <failure message="Index: 0, Size: 0" type="java.lang.IndexOutOfBoundsException">java.lang.IndexOutOfBoundsException: Index: 0, Size: 0
	at java.util.ArrayList.rangeCheck(ArrayList.java:653)
	at java.util.ArrayList.get(ArrayList.java:429)
	at sun.reflect.NativeMethodAccessorImpl.invoke0(Native Method)
	at sun.reflect.NativeMethodAccessorImpl.invoke(NativeMethodAccessorImpl.java:62)
	at sun.reflect.DelegatingMethodAccessorImpl.invoke(DelegatingMethodAccessorImpl.java:43)
	at java.lang.reflect.Method.invoke(Method.java:498)
	at org.openqa.selenium.support.pagefactory.internal.LocatingElementListHandler.invoke(LocatingElementListHandler.java:39)
	at com.sun.proxy.$Proxy7.get(Unknown Source)
	at ui.Homepage.UiHomepage.productsMenu(UiHomepage.java:22)
	at TestHomePage.TestGlobalMenu.testProductsMenu(TestGlobalMenu.java:15)
</failure>
    <system-out>Configuring TestNG with: org.apache.maven.surefire.testng.conf.TestNG652Configurator@7b3300e5
0 [Forwarding newSession on session null to remote] DEBUG org.apache.http.client.protocol.RequestAddCookies  - CookieSpec selected: default
457 [Forwarding newSession on session null to remote] DEBUG org.apache.http.client.protocol.RequestAuthCache  - Auth cache not set in the context
460 [Forwarding newSession on session null to remote] DEBUG org.apache.http.impl.conn.PoolingHttpClientConnectionManager  - Connection request: [route: {}-&gt;http://127.0.0.1:7055][total kept alive: 0; route allocated: 0 of 2000; total allocated: 0 of 2000]
816 [Forwarding newSession on session null to remote] DEBUG org.apache.http.impl.conn.PoolingHttpClientConnectionManager  - Connection leased: [id: 0][route: {}-&gt;http://127.0.0.1:7055][total kept alive: 0; route allocated: 1 of 2000; total allocated: 1 of 2000]
843 [Forwarding newSession on session null to remote] DEBUG org.apache.http.impl.execchain.MainClientExec  - Opening connection {}-&gt;http://127.0.0.1:7055
846 [Forwarding newSession on session null to remote] DEBUG org.apache.http.impl.conn.DefaultHttpClientConnectionOperator  - Connecting to /127.0.0.1:7055
848 [Forwarding newSession on session null to remote] DEBUG org.apache.http.impl.conn.DefaultHttpClientConnectionOperator  - Connection established 127.0.0.1:61428&lt;-&gt;127.0.0.1:7055
849 [Forwarding newSession on session null to remote] DEBUG org.apache.http.impl.conn.DefaultManagedHttpClientConnection  - http-outgoing-0: set socket timeout to 10800000
849 [Forwarding newSession on session null to remote] DEBUG org.apache.http.impl.execchain.MainClientExec  - Executing request POST /hub/session HTTP/1.1
849 [Forwarding newSession on session null to remote] DEBUG org.apache.http.impl.execchain.MainClientExec  - Target auth state: UNCHALLENGED
876 [Forwarding newSession on session null to remote] DEBUG org.apache.http.impl.execchain.MainClientExec  - Proxy auth state: UNCHALLENGED
880 [Forwarding newSession on session null to remote] DEBUG org.apache.http.headers  - http-outgoing-0 &gt;&gt; POST /hub/session HTTP/1.1
881 [Forwarding newSession on session null to remote] DEBUG org.apache.http.headers  - http-outgoing-0 &gt;&gt; Content-Type: application/json; charset=utf-8
881 [Forwarding newSession on session null to remote] DEBUG org.apache.http.headers  - http-outgoing-0 &gt;&gt; Content-Length: 105
881 [Forwarding newSession on session null to remote] DEBUG org.apache.http.headers  - http-outgoing-0 &gt;&gt; Host: 127.0.0.1:7055
881 [Forwarding newSession on session null to remote] DEBUG org.apache.http.headers  - http-outgoing-0 &gt;&gt; Connection: Keep-Alive
881 [Forwarding newSession on session null to remote] DEBUG org.apache.http.headers  - http-outgoing-0 &gt;&gt; User-Agent: Apache-HttpClient/4.5.2 (Java/1.8.0_101)
881 [Forwarding newSession on session null to remote] DEBUG org.apache.http.headers  - http-outgoing-0 &gt;&gt; Accept-Encoding: gzip,deflate
882 [Forwarding newSession on session null to remote] DEBUG org.apache.http.wire  - http-outgoing-0 &gt;&gt; &quot;POST /hub/session HTTP/1.1[\r][\n]&quot;
882 [Forwarding newSession on session null to remote] DEBUG org.apache.http.wire  - http-outgoing-0 &gt;&gt; &quot;Content-Type: application/json; charset=utf-8[\r][\n]&quot;
882 [Forwarding newSession on session null to remote] DEBUG org.apache.http.wire  - http-outgoing-0 &gt;&gt; &quot;Content-Length: 105[\r][\n]&quot;
882 [Forwarding newSession on session null to remote] DEBUG org.apache.http.wire  - http-outgoing-0 &gt;&gt; &quot;Host: 127.0.0.1:7055[\r][\n]&quot;
882 [Forwarding newSession on session null to remote] DEBUG org.apache.http.wire  - http-outgoing-0 &gt;&gt; &quot;Connection: Keep-Alive[\r][\n]&quot;
882 [Forwarding newSession on session null to remote] DEBUG org.apache.http.wire  - http-outgoing-0 &gt;&gt; &quot;User-Agent: Apache-HttpClient/4.5.2 (Java/1.8.0_101)[\r][\n]&quot;
882 [Forwarding newSession on session null to remote] DEBUG org.apache.http.wire  - http-outgoing-0 &gt;&gt; &quot;Accept-Encoding: gzip,deflate[\r][\n]&quot;
883 [Forwarding newSession on session null to remote] DEBUG org.apache.http.wire  - http-outgoing-0 &gt;&gt; &quot;[\r][\n]&quot;
883 [Forwarding newSession on session null to remote] DEBUG org.apache.http.wire  - http-outgoing-0 &gt;&gt; &quot;{&quot;desiredCapabilities&quot;:{&quot;browserName&quot;:&quot;firefox&quot;,&quot;version&quot;:&quot;&quot;,&quot;platform&quot;:&quot;ANY&quot;},&quot;requiredCapabilities&quot;:{}}&quot;
958 [Forwarding newSession on session null to remote] DEBUG org.apache.http.wire  - http-outgoing-0 &lt;&lt; &quot;HTTP/1.1 200 OK[\r][\n]&quot;
958 [Forwarding newSession on session null to remote] DEBUG org.apache.http.wire  - http-outgoing-0 &lt;&lt; &quot;content-type: application/json; charset=UTF-8[\r][\n]&quot;
958 [Forwarding newSession on session null to remote] DEBUG org.apache.http.wire  - http-outgoing-0 &lt;&lt; &quot;connection: close[\r][\n]&quot;
958 [Forwarding newSession on session null to remote] DEBUG org.apache.http.wire  - http-outgoing-0 &lt;&lt; &quot;content-length: 423[\r][\n]&quot;
958 [Forwarding newSession on session null to remote] DEBUG org.apache.http.wire  - http-outgoing-0 &lt;&lt; &quot;server: httpd.js[\r][\n]&quot;
958 [Forwarding newSession on session null to remote] DEBUG org.apache.http.wire  - http-outgoing-0 &lt;&lt; &quot;date: Wed, 24 May 2017 01:03:21 GMT[\r][\n]&quot;
958 [Forwarding newSession on session null to remote] DEBUG org.apache.http.wire  - http-outgoing-0 &lt;&lt; &quot;[\r][\n]&quot;
965 [Forwarding newSession on session null to remote] DEBUG org.apache.http.headers  - http-outgoing-0 &lt;&lt; HTTP/1.1 200 OK
965 [Forwarding newSession on session null to remote] DEBUG org.apache.http.headers  - http-outgoing-0 &lt;&lt; content-type: application/json; charset=UTF-8
966 [Forwarding newSession on session null to remote] DEBUG org.apache.http.headers  - http-outgoing-0 &lt;&lt; connection: close
966 [Forwarding newSession on session null to remote] DEBUG org.apache.http.headers  - http-outgoing-0 &lt;&lt; content-length: 423
966 [Forwarding newSession on session null to remote] DEBUG org.apache.http.headers  - http-outgoing-0 &lt;&lt; server: httpd.js
966 [Forwarding newSession on session null to remote] DEBUG org.apache.http.headers  - http-outgoing-0 &lt;&lt; date: Wed, 24 May 2017 01:03:21 GMT
981 [Forwarding newSession on session null to remote] DEBUG org.apache.http.wire  - http-outgoing-0 &lt;&lt; &quot;{&quot;name&quot;:&quot;newSession&quot;,&quot;sessionId&quot;:&quot;3724f627-42a7-4c56-97a3-a99d7fcd464c&quot;,&quot;status&quot;:0,&quot;value&quot;:{&quot;cssSelectorsEnabled&quot;:true,&quot;browserName&quot;:&quot;firefox&quot;,&quot;handlesAlerts&quot;:true,&quot;javascriptEnabled&quot;:true,&quot;nativeEvents&quot;:false,&quot;platform&quot;:&quot;WINDOWS&quot;,&quot;rotatable&quot;:false,&quot;takesScreenshot&quot;:true,&quot;version&quot;:&quot;47.0.1&quot;,&quot;webStorageEnabled&quot;:true,&quot;applicationCacheEnabled&quot;:true,&quot;databaseEnabled&quot;:true,&quot;locationContextEnabled&quot;:true,&quot;acceptSslCerts&quot;:true}}&quot;
982 [Forwarding newSession on session null to remote] DEBUG org.apache.http.impl.conn.DefaultManagedHttpClientConnection  - http-outgoing-0: Close connection
982 [Forwarding newSession on session null to remote] DEBUG org.apache.http.impl.execchain.MainClientExec  - Connection discarded
982 [Forwarding newSession on session null to remote] DEBUG org.apache.http.impl.conn.PoolingHttpClientConnectionManager  - Connection released: [id: 0][route: {}-&gt;http://127.0.0.1:7055][total kept alive: 0; route allocated: 0 of 2000; total allocated: 0 of 2000]
1096 [Forwarding setTimeout on session 3724f627-42a7-4c56-97a3-a99d7fcd464c to remote] DEBUG org.apache.http.client.protocol.RequestAddCookies  - CookieSpec selected: default
1096 [Forwarding setTimeout on session 3724f627-42a7-4c56-97a3-a99d7fcd464c to remote] DEBUG org.apache.http.client.protocol.RequestAuthCache  - Auth cache not set in the context
1096 [Forwarding setTimeout on session 3724f627-42a7-4c56-97a3-a99d7fcd464c to remote] DEBUG org.apache.http.impl.conn.PoolingHttpClientConnectionManager  - Connection request: [route: {}-&gt;http://127.0.0.1:7055][total kept alive: 0; route allocated: 0 of 2000; total allocated: 0 of 2000]
1097 [Forwarding setTimeout on session 3724f627-42a7-4c56-97a3-a99d7fcd464c to remote] DEBUG org.apache.http.impl.conn.PoolingHttpClientConnectionManager  - Connection leased: [id: 1][route: {}-&gt;http://127.0.0.1:7055][total kept alive: 0; route allocated: 1 of 2000; total allocated: 1 of 2000]
1097 [Forwarding setTimeout on session 3724f627-42a7-4c56-97a3-a99d7fcd464c to remote] DEBUG org.apache.http.impl.execchain.MainClientExec  - Opening connection {}-&gt;http://127.0.0.1:7055
1097 [Forwarding setTimeout on session 3724f627-42a7-4c56-97a3-a99d7fcd464c to remote] DEBUG org.apache.http.impl.conn.DefaultHttpClientConnectionOperator  - Connecting to /127.0.0.1:7055
1099 [Forwarding setTimeout on session 3724f627-42a7-4c56-97a3-a99d7fcd464c to remote] DEBUG org.apache.http.impl.conn.DefaultHttpClientConnectionOperator  - Connection established 127.0.0.1:61429&lt;-&gt;127.0.0.1:7055
1100 [Forwarding setTimeout on session 3724f627-42a7-4c56-97a3-a99d7fcd464c to remote] DEBUG org.apache.http.impl.conn.DefaultManagedHttpClientConnection  - http-outgoing-1: set socket timeout to 10800000
1101 [Forwarding setTimeout on session 3724f627-42a7-4c56-97a3-a99d7fcd464c to remote] DEBUG org.apache.http.impl.execchain.MainClientExec  - Executing request POST /hub/session/3724f627-42a7-4c56-97a3-a99d7fcd464c/timeouts HTTP/1.1
1102 [Forwarding setTimeout on session 3724f627-42a7-4c56-97a3-a99d7fcd464c to remote] DEBUG org.apache.http.impl.execchain.MainClientExec  - Target auth state: UNCHALLENGED
1102 [Forwarding setTimeout on session 3724f627-42a7-4c56-97a3-a99d7fcd464c to remote] DEBUG org.apache.http.impl.execchain.MainClientExec  - Proxy auth state: UNCHALLENGED
1102 [Forwarding setTimeout on session 3724f627-42a7-4c56-97a3-a99d7fcd464c to remote] DEBUG org.apache.http.headers  - http-outgoing-1 &gt;&gt; POST /hub/session/3724f627-42a7-4c56-97a3-a99d7fcd464c/timeouts HTTP/1.1
1102 [Forwarding setTimeout on session 3724f627-42a7-4c56-97a3-a99d7fcd464c to remote] DEBUG org.apache.http.headers  - http-outgoing-1 &gt;&gt; Content-Type: application/json; charset=utf-8
1102 [Forwarding setTimeout on session 3724f627-42a7-4c56-97a3-a99d7fcd464c to remote] DEBUG org.apache.http.headers  - http-outgoing-1 &gt;&gt; Content-Length: 30
1103 [Forwarding setTimeout on session 3724f627-42a7-4c56-97a3-a99d7fcd464c to remote] DEBUG org.apache.http.headers  - http-outgoing-1 &gt;&gt; Host: 127.0.0.1:7055
1103 [Forwarding setTimeout on session 3724f627-42a7-4c56-97a3-a99d7fcd464c to remote] DEBUG org.apache.http.headers  - http-outgoing-1 &gt;&gt; Connection: Keep-Alive
1103 [Forwarding setTimeout on session 3724f627-42a7-4c56-97a3-a99d7fcd464c to remote] DEBUG org.apache.http.headers  - http-outgoing-1 &gt;&gt; User-Agent: Apache-HttpClient/4.5.2 (Java/1.8.0_101)
1103 [Forwarding setTimeout on session 3724f627-42a7-4c56-97a3-a99d7fcd464c to remote] DEBUG org.apache.http.headers  - http-outgoing-1 &gt;&gt; Accept-Encoding: gzip,deflate
1103 [Forwarding setTimeout on session 3724f627-42a7-4c56-97a3-a99d7fcd464c to remote] DEBUG org.apache.http.wire  - http-outgoing-1 &gt;&gt; &quot;POST /hub/session/3724f627-42a7-4c56-97a3-a99d7fcd464c/timeouts HTTP/1.1[\r][\n]&quot;
1104 [Forwarding setTimeout on session 3724f627-42a7-4c56-97a3-a99d7fcd464c to remote] DEBUG org.apache.http.wire  - http-outgoing-1 &gt;&gt; &quot;Content-Type: application/json; charset=utf-8[\r][\n]&quot;
1104 [Forwarding setTimeout on session 3724f627-42a7-4c56-97a3-a99d7fcd464c to remote] DEBUG org.apache.http.wire  - http-outgoing-1 &gt;&gt; &quot;Content-Length: 30[\r][\n]&quot;
1104 [Forwarding setTimeout on session 3724f627-42a7-4c56-97a3-a99d7fcd464c to remote] DEBUG org.apache.http.wire  - http-outgoing-1 &gt;&gt; &quot;Host: 127.0.0.1:7055[\r][\n]&quot;
1104 [Forwarding setTimeout on session 3724f627-42a7-4c56-97a3-a99d7fcd464c to remote] DEBUG org.apache.http.wire  - http-outgoing-1 &gt;&gt; &quot;Connection: Keep-Alive[\r][\n]&quot;
1104 [Forwarding setTimeout on session 3724f627-42a7-4c56-97a3-a99d7fcd464c to remote] DEBUG org.apache.http.wire  - http-outgoing-1 &gt;&gt; &quot;User-Agent: Apache-HttpClient/4.5.2 (Java/1.8.0_101)[\r][\n]&quot;
1105 [Forwarding setTimeout on session 3724f627-42a7-4c56-97a3-a99d7fcd464c to remote] DEBUG org.apache.http.wire  - http-outgoing-1 &gt;&gt; &quot;Accept-Encoding: gzip,deflate[\r][\n]&quot;
1106 [Forwarding setTimeout on session 3724f627-42a7-4c56-97a3-a99d7fcd464c to remote] DEBUG org.apache.http.wire  - http-outgoing-1 &gt;&gt; &quot;[\r][\n]&quot;
1106 [Forwarding setTimeout on session 3724f627-42a7-4c56-97a3-a99d7fcd464c to remote] DEBUG org.apache.http.wire  - http-outgoing-1 &gt;&gt; &quot;{&quot;type&quot;:&quot;implicit&quot;,&quot;ms&quot;:20000}&quot;
1133 [Forwarding setTimeout on session 3724f627-42a7-4c56-97a3-a99d7fcd464c to remote] DEBUG org.apache.http.wire  - http-outgoing-1 &lt;&lt; &quot;HTTP/1.1 200 OK[\r][\n]&quot;
1133 [Forwarding setTimeout on session 3724f627-42a7-4c56-97a3-a99d7fcd464c to remote] DEBUG org.apache.http.wire  - http-outgoing-1 &lt;&lt; &quot;content-type: application/json; charset=UTF-8[\r][\n]&quot;
1133 [Forwarding setTimeout on session 3724f627-42a7-4c56-97a3-a99d7fcd464c to remote] DEBUG org.apache.http.wire  - http-outgoing-1 &lt;&lt; &quot;connection: close[\r][\n]&quot;
1133 [Forwarding setTimeout on session 3724f627-42a7-4c56-97a3-a99d7fcd464c to remote] DEBUG org.apache.http.wire  - http-outgoing-1 &lt;&lt; &quot;content-length: 94[\r][\n]&quot;
1134 [Forwarding setTimeout on session 3724f627-42a7-4c56-97a3-a99d7fcd464c to remote] DEBUG org.apache.http.wire  - http-outgoing-1 &lt;&lt; &quot;server: httpd.js[\r][\n]&quot;
1134 [Forwarding setTimeout on session 3724f627-42a7-4c56-97a3-a99d7fcd464c to remote] DEBUG org.apache.http.wire  - http-outgoing-1 &lt;&lt; &quot;date: Wed, 24 May 2017 01:03:21 GMT[\r][\n]&quot;
1134 [Forwarding setTimeout on session 3724f627-42a7-4c56-97a3-a99d7fcd464c to remote] DEBUG org.apache.http.wire  - http-outgoing-1 &lt;&lt; &quot;[\r][\n]&quot;
1134 [Forwarding setTimeout on session 3724f627-42a7-4c56-97a3-a99d7fcd464c to remote] DEBUG org.apache.http.headers  - http-outgoing-1 &lt;&lt; HTTP/1.1 200 OK
1134 [Forwarding setTimeout on session 3724f627-42a7-4c56-97a3-a99d7fcd464c to remote] DEBUG org.apache.http.headers  - http-outgoing-1 &lt;&lt; content-type: application/json; charset=UTF-8
1134 [Forwarding setTimeout on session 3724f627-42a7-4c56-97a3-a99d7fcd464c to remote] DEBUG org.apache.http.headers  - http-outgoing-1 &lt;&lt; connection: close
1134 [Forwarding setTimeout on session 3724f627-42a7-4c56-97a3-a99d7fcd464c to remote] DEBUG org.apache.http.headers  - http-outgoing-1 &lt;&lt; content-length: 94
1134 [Forwarding setTimeout on session 3724f627-42a7-4c56-97a3-a99d7fcd464c to remote] DEBUG org.apache.http.headers  - http-outgoing-1 &lt;&lt; server: httpd.js
1134 [Forwarding setTimeout on session 3724f627-42a7-4c56-97a3-a99d7fcd464c to remote] DEBUG org.apache.http.headers  - http-outgoing-1 &lt;&lt; date: Wed, 24 May 2017 01:03:21 GMT
1135 [Forwarding setTimeout on session 3724f627-42a7-4c56-97a3-a99d7fcd464c to remote] DEBUG org.apache.http.wire  - http-outgoing-1 &lt;&lt; &quot;{&quot;name&quot;:&quot;setTimeout&quot;,&quot;sessionId&quot;:&quot;3724f627-42a7-4c56-97a3-a99d7fcd464c&quot;,&quot;status&quot;:0,&quot;value&quot;:&quot;&quot;}&quot;
1135 [Forwarding setTimeout on session 3724f627-42a7-4c56-97a3-a99d7fcd464c to remote] DEBUG org.apache.http.impl.conn.DefaultManagedHttpClientConnection  - http-outgoing-1: Close connection
1136 [Forwarding setTimeout on session 3724f627-42a7-4c56-97a3-a99d7fcd464c to remote] DEBUG org.apache.http.impl.execchain.MainClientExec  - Connection discarded
1136 [Forwarding setTimeout on session 3724f627-42a7-4c56-97a3-a99d7fcd464c to remote] DEBUG org.apache.http.impl.conn.PoolingHttpClientConnectionManager  - Connection released: [id: 1][route: {}-&gt;http://127.0.0.1:7055][total kept alive: 0; route allocated: 0 of 2000; total allocated: 0 of 2000]
1175 [Forwarding maximizeWindow on session 3724f627-42a7-4c56-97a3-a99d7fcd464c to remote] DEBUG org.apache.http.client.protocol.RequestAddCookies  - CookieSpec selected: default
1175 [Forwarding maximizeWindow on session 3724f627-42a7-4c56-97a3-a99d7fcd464c to remote] DEBUG org.apache.http.client.protocol.RequestAuthCache  - Auth cache not set in the context
1175 [Forwarding maximizeWindow on session 3724f627-42a7-4c56-97a3-a99d7fcd464c to remote] DEBUG org.apache.http.impl.conn.PoolingHttpClientConnectionManager  - Connection request: [route: {}-&gt;http://127.0.0.1:7055][total kept alive: 0; route allocated: 0 of 2000; total allocated: 0 of 2000]
1175 [Forwarding maximizeWindow on session 3724f627-42a7-4c56-97a3-a99d7fcd464c to remote] DEBUG org.apache.http.impl.conn.PoolingHttpClientConnectionManager  - Connection leased: [id: 2][route: {}-&gt;http://127.0.0.1:7055][total kept alive: 0; route allocated: 1 of 2000; total allocated: 1 of 2000]
1175 [Forwarding maximizeWindow on session 3724f627-42a7-4c56-97a3-a99d7fcd464c to remote] DEBUG org.apache.http.impl.execchain.MainClientExec  - Opening connection {}-&gt;http://127.0.0.1:7055
1175 [Forwarding maximizeWindow on session 3724f627-42a7-4c56-97a3-a99d7fcd464c to remote] DEBUG org.apache.http.impl.conn.DefaultHttpClientConnectionOperator  - Connecting to /127.0.0.1:7055
1176 [Forwarding maximizeWindow on session 3724f627-42a7-4c56-97a3-a99d7fcd464c to remote] DEBUG org.apache.http.impl.conn.DefaultHttpClientConnectionOperator  - Connection established 127.0.0.1:61430&lt;-&gt;127.0.0.1:7055
1176 [Forwarding maximizeWindow on session 3724f627-42a7-4c56-97a3-a99d7fcd464c to remote] DEBUG org.apache.http.impl.conn.DefaultManagedHttpClientConnection  - http-outgoing-2: set socket timeout to 10800000
1177 [Forwarding maximizeWindow on session 3724f627-42a7-4c56-97a3-a99d7fcd464c to remote] DEBUG org.apache.http.impl.execchain.MainClientExec  - Executing request POST /hub/session/3724f627-42a7-4c56-97a3-a99d7fcd464c/window/current/maximize HTTP/1.1
1178 [Forwarding maximizeWindow on session 3724f627-42a7-4c56-97a3-a99d7fcd464c to remote] DEBUG org.apache.http.impl.execchain.MainClientExec  - Target auth state: UNCHALLENGED
1178 [Forwarding maximizeWindow on session 3724f627-42a7-4c56-97a3-a99d7fcd464c to remote] DEBUG org.apache.http.impl.execchain.MainClientExec  - Proxy auth state: UNCHALLENGED
1178 [Forwarding maximizeWindow on session 3724f627-42a7-4c56-97a3-a99d7fcd464c to remote] DEBUG org.apache.http.headers  - http-outgoing-2 &gt;&gt; POST /hub/session/3724f627-42a7-4c56-97a3-a99d7fcd464c/window/current/maximize HTTP/1.1
1179 [Forwarding maximizeWindow on session 3724f627-42a7-4c56-97a3-a99d7fcd464c to remote] DEBUG org.apache.http.headers  - http-outgoing-2 &gt;&gt; Content-Type: application/json; charset=utf-8
1179 [Forwarding maximizeWindow on session 3724f627-42a7-4c56-97a3-a99d7fcd464c to remote] DEBUG org.apache.http.headers  - http-outgoing-2 &gt;&gt; Content-Length: 26
1179 [Forwarding maximizeWindow on session 3724f627-42a7-4c56-97a3-a99d7fcd464c to remote] DEBUG org.apache.http.headers  - http-outgoing-2 &gt;&gt; Host: 127.0.0.1:7055
1179 [Forwarding maximizeWindow on session 3724f627-42a7-4c56-97a3-a99d7fcd464c to remote] DEBUG org.apache.http.headers  - http-outgoing-2 &gt;&gt; Connection: Keep-Alive
1179 [Forwarding maximizeWindow on session 3724f627-42a7-4c56-97a3-a99d7fcd464c to remote] DEBUG org.apache.http.headers  - http-outgoing-2 &gt;&gt; User-Agent: Apache-HttpClient/4.5.2 (Java/1.8.0_101)
1179 [Forwarding maximizeWindow on session 3724f627-42a7-4c56-97a3-a99d7fcd464c to remote] DEBUG org.apache.http.headers  - http-outgoing-2 &gt;&gt; Accept-Encoding: gzip,deflate
1179 [Forwarding maximizeWindow on session 3724f627-42a7-4c56-97a3-a99d7fcd464c to remote] DEBUG org.apache.http.wire  - http-outgoing-2 &gt;&gt; &quot;POST /hub/session/3724f627-42a7-4c56-97a3-a99d7fcd464c/window/current/maximize HTTP/1.1[\r][\n]&quot;
1180 [Forwarding maximizeWindow on session 3724f627-42a7-4c56-97a3-a99d7fcd464c to remote] DEBUG org.apache.http.wire  - http-outgoing-2 &gt;&gt; &quot;Content-Type: application/json; charset=utf-8[\r][\n]&quot;
1180 [Forwarding maximizeWindow on session 3724f627-42a7-4c56-97a3-a99d7fcd464c to remote] DEBUG org.apache.http.wire  - http-outgoing-2 &gt;&gt; &quot;Content-Length: 26[\r][\n]&quot;
1180 [Forwarding maximizeWindow on session 3724f627-42a7-4c56-97a3-a99d7fcd464c to remote] DEBUG org.apache.http.wire  - http-outgoing-2 &gt;&gt; &quot;Host: 127.0.0.1:7055[\r][\n]&quot;
1181 [Forwarding maximizeWindow on session 3724f627-42a7-4c56-97a3-a99d7fcd464c to remote] DEBUG org.apache.http.wire  - http-outgoing-2 &gt;&gt; &quot;Connection: Keep-Alive[\r][\n]&quot;
1181 [Forwarding maximizeWindow on session 3724f627-42a7-4c56-97a3-a99d7fcd464c to remote] DEBUG org.apache.http.wire  - http-outgoing-2 &gt;&gt; &quot;User-Agent: Apache-HttpClient/4.5.2 (Java/1.8.0_101)[\r][\n]&quot;
1181 [Forwarding maximizeWindow on session 3724f627-42a7-4c56-97a3-a99d7fcd464c to remote] DEBUG org.apache.http.wire  - http-outgoing-2 &gt;&gt; &quot;Accept-Encoding: gzip,deflate[\r][\n]&quot;
1182 [Forwarding maximizeWindow on session 3724f627-42a7-4c56-97a3-a99d7fcd464c to remote] DEBUG org.apache.http.wire  - http-outgoing-2 &gt;&gt; &quot;[\r][\n]&quot;
1182 [Forwarding maximizeWindow on session 3724f627-42a7-4c56-97a3-a99d7fcd464c to remote] DEBUG org.apache.http.wire  - http-outgoing-2 &gt;&gt; &quot;{&quot;windowHandle&quot;:&quot;current&quot;}&quot;
1206 [Forwarding maximizeWindow on session 3724f627-42a7-4c56-97a3-a99d7fcd464c to remote] DEBUG org.apache.http.wire  - http-outgoing-2 &lt;&lt; &quot;HTTP/1.1 200 OK[\r][\n]&quot;
1206 [Forwarding maximizeWindow on session 3724f627-42a7-4c56-97a3-a99d7fcd464c to remote] DEBUG org.apache.http.wire  - http-outgoing-2 &lt;&lt; &quot;content-type: application/json; charset=UTF-8[\r][\n]&quot;
1206 [Forwarding maximizeWindow on session 3724f627-42a7-4c56-97a3-a99d7fcd464c to remote] DEBUG org.apache.http.wire  - http-outgoing-2 &lt;&lt; &quot;connection: close[\r][\n]&quot;
1206 [Forwarding maximizeWindow on session 3724f627-42a7-4c56-97a3-a99d7fcd464c to remote] DEBUG org.apache.http.wire  - http-outgoing-2 &lt;&lt; &quot;content-length: 98[\r][\n]&quot;
1206 [Forwarding maximizeWindow on session 3724f627-42a7-4c56-97a3-a99d7fcd464c to remote] DEBUG org.apache.http.wire  - http-outgoing-2 &lt;&lt; &quot;server: httpd.js[\r][\n]&quot;
1207 [Forwarding maximizeWindow on session 3724f627-42a7-4c56-97a3-a99d7fcd464c to remote] DEBUG org.apache.http.wire  - http-outgoing-2 &lt;&lt; &quot;date: Wed, 24 May 2017 01:03:21 GMT[\r][\n]&quot;
1207 [Forwarding maximizeWindow on session 3724f627-42a7-4c56-97a3-a99d7fcd464c to remote] DEBUG org.apache.http.wire  - http-outgoing-2 &lt;&lt; &quot;[\r][\n]&quot;
1207 [Forwarding maximizeWindow on session 3724f627-42a7-4c56-97a3-a99d7fcd464c to remote] DEBUG org.apache.http.headers  - http-outgoing-2 &lt;&lt; HTTP/1.1 200 OK
1207 [Forwarding maximizeWindow on session 3724f627-42a7-4c56-97a3-a99d7fcd464c to remote] DEBUG org.apache.http.headers  - http-outgoing-2 &lt;&lt; content-type: application/json; charset=UTF-8
1207 [Forwarding maximizeWindow on session 3724f627-42a7-4c56-97a3-a99d7fcd464c to remote] DEBUG org.apache.http.headers  - http-outgoing-2 &lt;&lt; connection: close
1207 [Forwarding maximizeWindow on session 3724f627-42a7-4c56-97a3-a99d7fcd464c to remote] DEBUG org.apache.http.headers  - http-outgoing-2 &lt;&lt; content-length: 98
1207 [Forwarding maximizeWindow on session 3724f627-42a7-4c56-97a3-a99d7fcd464c to remote] DEBUG org.apache.http.headers  - http-outgoing-2 &lt;&lt; server: httpd.js
1207 [Forwarding maximizeWindow on session 3724f627-42a7-4c56-97a3-a99d7fcd464c to remote] DEBUG org.apache.http.headers  - http-outgoing-2 &lt;&lt; date: Wed, 24 May 2017 01:03:21 GMT
1208 [Forwarding maximizeWindow on session 3724f627-42a7-4c56-97a3-a99d7fcd464c to remote] DEBUG org.apache.http.wire  - http-outgoing-2 &lt;&lt; &quot;{&quot;name&quot;:&quot;maximizeWindow&quot;,&quot;sessionId&quot;:&quot;3724f627-42a7-4c56-97a3-a99d7fcd464c&quot;,&quot;status&quot;:0,&quot;value&quot;:&quot;&quot;}&quot;
1208 [Forwarding maximizeWindow on session 3724f627-42a7-4c56-97a3-a99d7fcd464c to remote] DEBUG org.apache.http.impl.conn.DefaultManagedHttpClientConnection  - http-outgoing-2: Close connection
1209 [Forwarding maximizeWindow on session 3724f627-42a7-4c56-97a3-a99d7fcd464c to remote] DEBUG org.apache.http.impl.execchain.MainClientExec  - Connection discarded
1209 [Forwarding maximizeWindow on session 3724f627-42a7-4c56-97a3-a99d7fcd464c to remote] DEBUG org.apache.http.impl.conn.PoolingHttpClientConnectionManager  - Connection released: [id: 2][route: {}-&gt;http://127.0.0.1:7055][total kept alive: 0; route allocated: 0 of 2000; total allocated: 0 of 2000]
1212 [Forwarding get on session 3724f627-42a7-4c56-97a3-a99d7fcd464c to remote] DEBUG org.apache.http.client.protocol.RequestAddCookies  - CookieSpec selected: default
1212 [Forwarding get on session 3724f627-42a7-4c56-97a3-a99d7fcd464c to remote] DEBUG org.apache.http.client.protocol.RequestAuthCache  - Auth cache not set in the context
1213 [Forwarding get on session 3724f627-42a7-4c56-97a3-a99d7fcd464c to remote] DEBUG org.apache.http.impl.conn.PoolingHttpClientConnectionManager  - Connection request: [route: {}-&gt;http://127.0.0.1:7055][total kept alive: 0; route allocated: 0 of 2000; total allocated: 0 of 2000]
1213 [Forwarding get on session 3724f627-42a7-4c56-97a3-a99d7fcd464c to remote] DEBUG org.apache.http.impl.conn.PoolingHttpClientConnectionManager  - Connection leased: [id: 3][route: {}-&gt;http://127.0.0.1:7055][total kept alive: 0; route allocated: 1 of 2000; total allocated: 1 of 2000]
1213 [Forwarding get on session 3724f627-42a7-4c56-97a3-a99d7fcd464c to remote] DEBUG org.apache.http.impl.execchain.MainClientExec  - Opening connection {}-&gt;http://127.0.0.1:7055
1213 [Forwarding get on session 3724f627-42a7-4c56-97a3-a99d7fcd464c to remote] DEBUG org.apache.http.impl.conn.DefaultHttpClientConnectionOperator  - Connecting to /127.0.0.1:7055
1214 [Forwarding get on session 3724f627-42a7-4c56-97a3-a99d7fcd464c to remote] DEBUG org.apache.http.impl.conn.DefaultHttpClientConnectionOperator  - Connection established 127.0.0.1:61431&lt;-&gt;127.0.0.1:7055
1214 [Forwarding get on session 3724f627-42a7-4c56-97a3-a99d7fcd464c to remote] DEBUG org.apache.http.impl.conn.DefaultManagedHttpClientConnection  - http-outgoing-3: set socket timeout to 10800000
1214 [Forwarding get on session 3724f627-42a7-4c56-97a3-a99d7fcd464c to remote] DEBUG org.apache.http.impl.execchain.MainClientExec  - Executing request POST /hub/session/3724f627-42a7-4c56-97a3-a99d7fcd464c/url HTTP/1.1
1214 [Forwarding get on session 3724f627-42a7-4c56-97a3-a99d7fcd464c to remote] DEBUG org.apache.http.impl.execchain.MainClientExec  - Target auth state: UNCHALLENGED
1214 [Forwarding get on session 3724f627-42a7-4c56-97a3-a99d7fcd464c to remote] DEBUG org.apache.http.impl.execchain.MainClientExec  - Proxy auth state: UNCHALLENGED
1214 [Forwarding get on session 3724f627-42a7-4c56-97a3-a99d7fcd464c to remote] DEBUG org.apache.http.headers  - http-outgoing-3 &gt;&gt; POST /hub/session/3724f627-42a7-4c56-97a3-a99d7fcd464c/url HTTP/1.1
1215 [Forwarding get on session 3724f627-42a7-4c56-97a3-a99d7fcd464c to remote] DEBUG org.apache.http.headers  - http-outgoing-3 &gt;&gt; Content-Type: application/json; charset=utf-8
1215 [Forwarding get on session 3724f627-42a7-4c56-97a3-a99d7fcd464c to remote] DEBUG org.apache.http.headers  - http-outgoing-3 &gt;&gt; Content-Length: 10
1215 [Forwarding get on session 3724f627-42a7-4c56-97a3-a99d7fcd464c to remote] DEBUG org.apache.http.headers  - http-outgoing-3 &gt;&gt; Host: 127.0.0.1:7055
1215 [Forwarding get on session 3724f627-42a7-4c56-97a3-a99d7fcd464c to remote] DEBUG org.apache.http.headers  - http-outgoing-3 &gt;&gt; Connection: Keep-Alive
1215 [Forwarding get on session 3724f627-42a7-4c56-97a3-a99d7fcd464c to remote] DEBUG org.apache.http.headers  - http-outgoing-3 &gt;&gt; User-Agent: Apache-HttpClient/4.5.2 (Java/1.8.0_101)
1215 [Forwarding get on session 3724f627-42a7-4c56-97a3-a99d7fcd464c to remote] DEBUG org.apache.http.headers  - http-outgoing-3 &gt;&gt; Accept-Encoding: gzip,deflate
1215 [Forwarding get on session 3724f627-42a7-4c56-97a3-a99d7fcd464c to remote] DEBUG org.apache.http.wire  - http-outgoing-3 &gt;&gt; &quot;POST /hub/session/3724f627-42a7-4c56-97a3-a99d7fcd464c/url HTTP/1.1[\r][\n]&quot;
1215 [Forwarding get on session 3724f627-42a7-4c56-97a3-a99d7fcd464c to remote] DEBUG org.apache.http.wire  - http-outgoing-3 &gt;&gt; &quot;Content-Type: application/json; charset=utf-8[\r][\n]&quot;
1215 [Forwarding get on session 3724f627-42a7-4c56-97a3-a99d7fcd464c to remote] DEBUG org.apache.http.wire  - http-outgoing-3 &gt;&gt; &quot;Content-Length: 10[\r][\n]&quot;
1215 [Forwarding get on session 3724f627-42a7-4c56-97a3-a99d7fcd464c to remote] DEBUG org.apache.http.wire  - http-outgoing-3 &gt;&gt; &quot;Host: 127.0.0.1:7055[\r][\n]&quot;
1215 [Forwarding get on session 3724f627-42a7-4c56-97a3-a99d7fcd464c to remote] DEBUG org.apache.http.wire  - http-outgoing-3 &gt;&gt; &quot;Connection: Keep-Alive[\r][\n]&quot;
1215 [Forwarding get on session 3724f627-42a7-4c56-97a3-a99d7fcd464c to remote] DEBUG org.apache.http.wire  - http-outgoing-3 &gt;&gt; &quot;User-Agent: Apache-HttpClient/4.5.2 (Java/1.8.0_101)[\r][\n]&quot;
1215 [Forwarding get on session 3724f627-42a7-4c56-97a3-a99d7fcd464c to remote] DEBUG org.apache.http.wire  - http-outgoing-3 &gt;&gt; &quot;Accept-Encoding: gzip,deflate[\r][\n]&quot;
1215 [Forwarding get on session 3724f627-42a7-4c56-97a3-a99d7fcd464c to remote] DEBUG org.apache.http.wire  - http-outgoing-3 &gt;&gt; &quot;[\r][\n]&quot;
1215 [Forwarding get on session 3724f627-42a7-4c56-97a3-a99d7fcd464c to remote] DEBUG org.apache.http.wire  - http-outgoing-3 &gt;&gt; &quot;{&quot;url&quot;:&quot;&quot;}&quot;
1315 [Forwarding get on session 3724f627-42a7-4c56-97a3-a99d7fcd464c to remote] DEBUG org.apache.http.wire  - http-outgoing-3 &lt;&lt; &quot;HTTP/1.1 200 OK[\r][\n]&quot;
1315 [Forwarding get on session 3724f627-42a7-4c56-97a3-a99d7fcd464c to remote] DEBUG org.apache.http.wire  - http-outgoing-3 &lt;&lt; &quot;content-type: application/json; charset=UTF-8[\r][\n]&quot;
1315 [Forwarding get on session 3724f627-42a7-4c56-97a3-a99d7fcd464c to remote] DEBUG org.apache.http.wire  - http-outgoing-3 &lt;&lt; &quot;connection: close[\r][\n]&quot;
1315 [Forwarding get on session 3724f627-42a7-4c56-97a3-a99d7fcd464c to remote] DEBUG org.apache.http.wire  - http-outgoing-3 &lt;&lt; &quot;content-length: 87[\r][\n]&quot;
1316 [Forwarding get on session 3724f627-42a7-4c56-97a3-a99d7fcd464c to remote] DEBUG org.apache.http.wire  - http-outgoing-3 &lt;&lt; &quot;server: httpd.js[\r][\n]&quot;
1316 [Forwarding get on session 3724f627-42a7-4c56-97a3-a99d7fcd464c to remote] DEBUG org.apache.http.wire  - http-outgoing-3 &lt;&lt; &quot;date: Wed, 24 May 2017 01:03:21 GMT[\r][\n]&quot;
1316 [Forwarding get on session 3724f627-42a7-4c56-97a3-a99d7fcd464c to remote] DEBUG org.apache.http.wire  - http-outgoing-3 &lt;&lt; &quot;[\r][\n]&quot;
1316 [Forwarding get on session 3724f627-42a7-4c56-97a3-a99d7fcd464c to remote] DEBUG org.apache.http.headers  - http-outgoing-3 &lt;&lt; HTTP/1.1 200 OK
1316 [Forwarding get on session 3724f627-42a7-4c56-97a3-a99d7fcd464c to remote] DEBUG org.apache.http.headers  - http-outgoing-3 &lt;&lt; content-type: application/json; charset=UTF-8
1316 [Forwarding get on session 3724f627-42a7-4c56-97a3-a99d7fcd464c to remote] DEBUG org.apache.http.headers  - http-outgoing-3 &lt;&lt; connection: close
1316 [Forwarding get on session 3724f627-42a7-4c56-97a3-a99d7fcd464c to remote] DEBUG org.apache.http.headers  - http-outgoing-3 &lt;&lt; content-length: 87
1316 [Forwarding get on session 3724f627-42a7-4c56-97a3-a99d7fcd464c to remote] DEBUG org.apache.http.headers  - http-outgoing-3 &lt;&lt; server: httpd.js
1316 [Forwarding get on session 3724f627-42a7-4c56-97a3-a99d7fcd464c to remote] DEBUG org.apache.http.headers  - http-outgoing-3 &lt;&lt; date: Wed, 24 May 2017 01:03:21 GMT
1317 [Forwarding get on session 3724f627-42a7-4c56-97a3-a99d7fcd464c to remote] DEBUG org.apache.http.wire  - http-outgoing-3 &lt;&lt; &quot;{&quot;name&quot;:&quot;get&quot;,&quot;sessionId&quot;:&quot;3724f627-42a7-4c56-97a3-a99d7fcd464c&quot;,&quot;status&quot;:0,&quot;value&quot;:&quot;&quot;}&quot;
1317 [Forwarding get on session 3724f627-42a7-4c56-97a3-a99d7fcd464c to remote] DEBUG org.apache.http.impl.conn.DefaultManagedHttpClientConnection  - http-outgoing-3: Close connection
1318 [Forwarding get on session 3724f627-42a7-4c56-97a3-a99d7fcd464c to remote] DEBUG org.apache.http.impl.execchain.MainClientExec  - Connection discarded
1318 [Forwarding get on session 3724f627-42a7-4c56-97a3-a99d7fcd464c to remote] DEBUG org.apache.http.impl.conn.PoolingHttpClientConnectionManager  - Connection released: [id: 3][route: {}-&gt;http://127.0.0.1:7055][total kept alive: 0; route allocated: 0 of 2000; total allocated: 0 of 2000]
1508 [Forwarding findElements on session 3724f627-42a7-4c56-97a3-a99d7fcd464c to remote] DEBUG org.apache.http.client.protocol.RequestAddCookies  - CookieSpec selected: default
1508 [Forwarding findElements on session 3724f627-42a7-4c56-97a3-a99d7fcd464c to remote] DEBUG org.apache.http.client.protocol.RequestAuthCache  - Auth cache not set in the context
1508 [Forwarding findElements on session 3724f627-42a7-4c56-97a3-a99d7fcd464c to remote] DEBUG org.apache.http.impl.conn.PoolingHttpClientConnectionManager  - Connection request: [route: {}-&gt;http://127.0.0.1:7055][total kept alive: 0; route allocated: 0 of 2000; total allocated: 0 of 2000]
1509 [Forwarding findElements on session 3724f627-42a7-4c56-97a3-a99d7fcd464c to remote] DEBUG org.apache.http.impl.conn.PoolingHttpClientConnectionManager  - Connection leased: [id: 4][route: {}-&gt;http://127.0.0.1:7055][total kept alive: 0; route allocated: 1 of 2000; total allocated: 1 of 2000]
1509 [Forwarding findElements on session 3724f627-42a7-4c56-97a3-a99d7fcd464c to remote] DEBUG org.apache.http.impl.execchain.MainClientExec  - Opening connection {}-&gt;http://127.0.0.1:7055
1510 [Forwarding findElements on session 3724f627-42a7-4c56-97a3-a99d7fcd464c to remote] DEBUG org.apache.http.impl.conn.DefaultHttpClientConnectionOperator  - Connecting to /127.0.0.1:7055
1511 [Forwarding findElements on session 3724f627-42a7-4c56-97a3-a99d7fcd464c to remote] DEBUG org.apache.http.impl.conn.DefaultHttpClientConnectionOperator  - Connection established 127.0.0.1:61434&lt;-&gt;127.0.0.1:7055
1511 [Forwarding findElements on session 3724f627-42a7-4c56-97a3-a99d7fcd464c to remote] DEBUG org.apache.http.impl.conn.DefaultManagedHttpClientConnection  - http-outgoing-4: set socket timeout to 10800000
1511 [Forwarding findElements on session 3724f627-42a7-4c56-97a3-a99d7fcd464c to remote] DEBUG org.apache.http.impl.execchain.MainClientExec  - Executing request POST /hub/session/3724f627-42a7-4c56-97a3-a99d7fcd464c/elements HTTP/1.1
1511 [Forwarding findElements on session 3724f627-42a7-4c56-97a3-a99d7fcd464c to remote] DEBUG org.apache.http.impl.execchain.MainClientExec  - Target auth state: UNCHALLENGED
1512 [Forwarding findElements on session 3724f627-42a7-4c56-97a3-a99d7fcd464c to remote] DEBUG org.apache.http.impl.execchain.MainClientExec  - Proxy auth state: UNCHALLENGED
1512 [Forwarding findElements on session 3724f627-42a7-4c56-97a3-a99d7fcd464c to remote] DEBUG org.apache.http.headers  - http-outgoing-4 &gt;&gt; POST /hub/session/3724f627-42a7-4c56-97a3-a99d7fcd464c/elements HTTP/1.1
1513 [Forwarding findElements on session 3724f627-42a7-4c56-97a3-a99d7fcd464c to remote] DEBUG org.apache.http.headers  - http-outgoing-4 &gt;&gt; Content-Type: application/json; charset=utf-8
1513 [Forwarding findElements on session 3724f627-42a7-4c56-97a3-a99d7fcd464c to remote] DEBUG org.apache.http.headers  - http-outgoing-4 &gt;&gt; Content-Length: 83
1513 [Forwarding findElements on session 3724f627-42a7-4c56-97a3-a99d7fcd464c to remote] DEBUG org.apache.http.headers  - http-outgoing-4 &gt;&gt; Host: 127.0.0.1:7055
1513 [Forwarding findElements on session 3724f627-42a7-4c56-97a3-a99d7fcd464c to remote] DEBUG org.apache.http.headers  - http-outgoing-4 &gt;&gt; Connection: Keep-Alive
1513 [Forwarding findElements on session 3724f627-42a7-4c56-97a3-a99d7fcd464c to remote] DEBUG org.apache.http.headers  - http-outgoing-4 &gt;&gt; User-Agent: Apache-HttpClient/4.5.2 (Java/1.8.0_101)
1513 [Forwarding findElements on session 3724f627-42a7-4c56-97a3-a99d7fcd464c to remote] DEBUG org.apache.http.headers  - http-outgoing-4 &gt;&gt; Accept-Encoding: gzip,deflate
1514 [Forwarding findElements on session 3724f627-42a7-4c56-97a3-a99d7fcd464c to remote] DEBUG org.apache.http.wire  - http-outgoing-4 &gt;&gt; &quot;POST /hub/session/3724f627-42a7-4c56-97a3-a99d7fcd464c/elements HTTP/1.1[\r][\n]&quot;
1514 [Forwarding findElements on session 3724f627-42a7-4c56-97a3-a99d7fcd464c to remote] DEBUG org.apache.http.wire  - http-outgoing-4 &gt;&gt; &quot;Content-Type: application/json; charset=utf-8[\r][\n]&quot;
1515 [Forwarding findElements on session 3724f627-42a7-4c56-97a3-a99d7fcd464c to remote] DEBUG org.apache.http.wire  - http-outgoing-4 &gt;&gt; &quot;Content-Length: 83[\r][\n]&quot;
1515 [Forwarding findElements on session 3724f627-42a7-4c56-97a3-a99d7fcd464c to remote] DEBUG org.apache.http.wire  - http-outgoing-4 &gt;&gt; &quot;Host: 127.0.0.1:7055[\r][\n]&quot;
1515 [Forwarding findElements on session 3724f627-42a7-4c56-97a3-a99d7fcd464c to remote] DEBUG org.apache.http.wire  - http-outgoing-4 &gt;&gt; &quot;Connection: Keep-Alive[\r][\n]&quot;
1515 [Forwarding findElements on session 3724f627-42a7-4c56-97a3-a99d7fcd464c to remote] DEBUG org.apache.http.wire  - http-outgoing-4 &gt;&gt; &quot;User-Agent: Apache-HttpClient/4.5.2 (Java/1.8.0_101)[\r][\n]&quot;
1515 [Forwarding findElements on session 3724f627-42a7-4c56-97a3-a99d7fcd464c to remote] DEBUG org.apache.http.wire  - http-outgoing-4 &gt;&gt; &quot;Accept-Encoding: gzip,deflate[\r][\n]&quot;
1515 [Forwarding findElements on session 3724f627-42a7-4c56-97a3-a99d7fcd464c to remote] DEBUG org.apache.http.wire  - http-outgoing-4 &gt;&gt; &quot;[\r][\n]&quot;
1515 [Forwarding findElements on session 3724f627-42a7-4c56-97a3-a99d7fcd464c to remote] DEBUG org.apache.http.wire  - http-outgoing-4 &gt;&gt; &quot;{&quot;using&quot;:&quot;xpath&quot;,&quot;value&quot;:&quot;html/body/div[2]/div[1]/div[3]/div[2]/div[1]/div[3]/*/a&quot;}&quot;
21586 [Forwarding findElements on session 3724f627-42a7-4c56-97a3-a99d7fcd464c to remote] DEBUG org.apache.http.wire  - http-outgoing-4 &lt;&lt; &quot;HTTP/1.1 200 OK[\r][\n]&quot;
21586 [Forwarding findElements on session 3724f627-42a7-4c56-97a3-a99d7fcd464c to remote] DEBUG org.apache.http.wire  - http-outgoing-4 &lt;&lt; &quot;content-type: application/json; charset=UTF-8[\r][\n]&quot;
21586 [Forwarding findElements on session 3724f627-42a7-4c56-97a3-a99d7fcd464c to remote] DEBUG org.apache.http.wire  - http-outgoing-4 &lt;&lt; &quot;connection: close[\r][\n]&quot;
21586 [Forwarding findElements on session 3724f627-42a7-4c56-97a3-a99d7fcd464c to remote] DEBUG org.apache.http.wire  - http-outgoing-4 &lt;&lt; &quot;content-length: 96[\r][\n]&quot;
21586 [Forwarding findElements on session 3724f627-42a7-4c56-97a3-a99d7fcd464c to remote] DEBUG org.apache.http.wire  - http-outgoing-4 &lt;&lt; &quot;server: httpd.js[\r][\n]&quot;
21586 [Forwarding findElements on session 3724f627-42a7-4c56-97a3-a99d7fcd464c to remote] DEBUG org.apache.http.wire  - http-outgoing-4 &lt;&lt; &quot;date: Wed, 24 May 2017 01:03:41 GMT[\r][\n]&quot;
21586 [Forwarding findElements on session 3724f627-42a7-4c56-97a3-a99d7fcd464c to remote] DEBUG org.apache.http.wire  - http-outgoing-4 &lt;&lt; &quot;[\r][\n]&quot;
21587 [Forwarding findElements on session 3724f627-42a7-4c56-97a3-a99d7fcd464c to remote] DEBUG org.apache.http.headers  - http-outgoing-4 &lt;&lt; HTTP/1.1 200 OK
21587 [Forwarding findElements on session 3724f627-42a7-4c56-97a3-a99d7fcd464c to remote] DEBUG org.apache.http.headers  - http-outgoing-4 &lt;&lt; content-type: application/json; charset=UTF-8
21587 [Forwarding findElements on session 3724f627-42a7-4c56-97a3-a99d7fcd464c to remote] DEBUG org.apache.http.headers  - http-outgoing-4 &lt;&lt; connection: close
21587 [Forwarding findElements on session 3724f627-42a7-4c56-97a3-a99d7fcd464c to remote] DEBUG org.apache.http.headers  - http-outgoing-4 &lt;&lt; content-length: 96
21587 [Forwarding findElements on session 3724f627-42a7-4c56-97a3-a99d7fcd464c to remote] DEBUG org.apache.http.headers  - http-outgoing-4 &lt;&lt; server: httpd.js
21587 [Forwarding findElements on session 3724f627-42a7-4c56-97a3-a99d7fcd464c to remote] DEBUG org.apache.http.headers  - http-outgoing-4 &lt;&lt; date: Wed, 24 May 2017 01:03:41 GMT
21587 [Forwarding findElements on session 3724f627-42a7-4c56-97a3-a99d7fcd464c to remote] DEBUG org.apache.http.wire  - http-outgoing-4 &lt;&lt; &quot;{&quot;name&quot;:&quot;findElements&quot;,&quot;sessionId&quot;:&quot;3724f627-42a7-4c56-97a3-a99d7fcd464c&quot;,&quot;status&quot;:0,&quot;value&quot;:[]}&quot;
21588 [Forwarding findElements on session 3724f627-42a7-4c56-97a3-a99d7fcd464c to remote] DEBUG org.apache.http.impl.conn.DefaultManagedHttpClientConnection  - http-outgoing-4: Close connection
21588 [Forwarding findElements on session 3724f627-42a7-4c56-97a3-a99d7fcd464c to remote] DEBUG org.apache.http.impl.execchain.MainClientExec  - Connection discarded
21588 [Forwarding findElements on session 3724f627-42a7-4c56-97a3-a99d7fcd464c to remote] DEBUG org.apache.http.impl.conn.PoolingHttpClientConnectionManager  - Connection released: [id: 4][route: {}-&gt;http://127.0.0.1:7055][total kept alive: 0; route allocated: 0 of 2000; total allocated: 0 of 2000]
</system-out>
  </testcase>
</testsuite>